Traceback (most recent call last):
  File "/opt/hostedtoolcache/Python/3.7.9/x64/lib/python3.7/site-packages/jupyter_cache/executors/utils.py", line 56, in single_nb_execution
    record_timing=False,
  File "/opt/hostedtoolcache/Python/3.7.9/x64/lib/python3.7/site-packages/nbclient/client.py", line 1087, in execute
    return NotebookClient(nb=nb, resources=resources, km=km, **kwargs).execute()
  File "/opt/hostedtoolcache/Python/3.7.9/x64/lib/python3.7/site-packages/nbclient/util.py", line 74, in wrapped
    return just_run(coro(*args, **kwargs))
  File "/opt/hostedtoolcache/Python/3.7.9/x64/lib/python3.7/site-packages/nbclient/util.py", line 53, in just_run
    return loop.run_until_complete(coro)
  File "/opt/hostedtoolcache/Python/3.7.9/x64/lib/python3.7/asyncio/base_events.py", line 587, in run_until_complete
    return future.result()
  File "/opt/hostedtoolcache/Python/3.7.9/x64/lib/python3.7/site-packages/nbclient/client.py", line 541, in async_execute
    cell, index, execution_count=self.code_cells_executed + 1
  File "/opt/hostedtoolcache/Python/3.7.9/x64/lib/python3.7/site-packages/nbclient/client.py", line 832, in async_execute_cell
    self._check_raise_for_error(cell, exec_reply)
  File "/opt/hostedtoolcache/Python/3.7.9/x64/lib/python3.7/site-packages/nbclient/client.py", line 740, in _check_raise_for_error
    raise CellExecutionError.from_cell_and_msg(cell, exec_reply['content'])
nbclient.exceptions.CellExecutionError: An error occurred while executing the following cell:
------------------
ss_residual = y - y_pred_manual
ss_total = y_pred_manual - y_pred_manual.mean()

r2_score_manual = 1 - np.dot(ss_residual, ss_residual) / np.dot(
    ss_total, ss_total)
------------------

[0;31m---------------------------------------------------------------------------[0m
[0;31mException[0m                                 Traceback (most recent call last)
[0;32m<ipython-input-14-81e1bf76d79a>[0m in [0;36m<module>[0;34m[0m
[0;32m----> 1[0;31m [0mss_residual[0m [0;34m=[0m [0my[0m [0;34m-[0m [0my_pred_manual[0m[0;34m[0m[0;34m[0m[0m
[0m[1;32m      2[0m [0mss_total[0m [0;34m=[0m [0my_pred_manual[0m [0;34m-[0m [0my_pred_manual[0m[0;34m.[0m[0mmean[0m[0;34m([0m[0;34m)[0m[0;34m[0m[0;34m[0m[0m
[1;32m      3[0m [0;34m[0m[0m
[1;32m      4[0m r2_score_manual = 1 - np.dot(ss_residual, ss_residual) / np.dot(
[1;32m      5[0m     ss_total, ss_total)

[0;32m/opt/hostedtoolcache/Python/3.7.9/x64/lib/python3.7/site-packages/pandas/core/ops/common.py[0m in [0;36mnew_method[0;34m(self, other)[0m
[1;32m     63[0m         [0mother[0m [0;34m=[0m [0mitem_from_zerodim[0m[0;34m([0m[0mother[0m[0;34m)[0m[0;34m[0m[0;34m[0m[0m
[1;32m     64[0m [0;34m[0m[0m
[0;32m---> 65[0;31m         [0;32mreturn[0m [0mmethod[0m[0;34m([0m[0mself[0m[0;34m,[0m [0mother[0m[0;34m)[0m[0;34m[0m[0;34m[0m[0m
[0m[1;32m     66[0m [0;34m[0m[0m
[1;32m     67[0m     [0;32mreturn[0m [0mnew_method[0m[0;34m[0m[0;34m[0m[0m

[0;32m/opt/hostedtoolcache/Python/3.7.9/x64/lib/python3.7/site-packages/pandas/core/ops/__init__.py[0m in [0;36mwrapper[0;34m(left, right)[0m
[1;32m    343[0m         [0mresult[0m [0;34m=[0m [0marithmetic_op[0m[0;34m([0m[0mlvalues[0m[0;34m,[0m [0mrvalues[0m[0;34m,[0m [0mop[0m[0;34m)[0m[0;34m[0m[0;34m[0m[0m
[1;32m    344[0m [0;34m[0m[0m
[0;32m--> 345[0;31m         [0;32mreturn[0m [0mleft[0m[0;34m.[0m[0m_construct_result[0m[0;34m([0m[0mresult[0m[0;34m,[0m [0mname[0m[0;34m=[0m[0mres_name[0m[0;34m)[0m[0;34m[0m[0;34m[0m[0m
[0m[1;32m    346[0m [0;34m[0m[0m
[1;32m    347[0m     [0mwrapper[0m[0;34m.[0m[0m__name__[0m [0;34m=[0m [0mop_name[0m[0;34m[0m[0;34m[0m[0m

[0;32m/opt/hostedtoolcache/Python/3.7.9/x64/lib/python3.7/site-packages/pandas/core/series.py[0m in [0;36m_construct_result[0;34m(self, result, name)[0m
[1;32m   2767[0m         [0;31m# We do not pass dtype to ensure that the Series constructor[0m[0;34m[0m[0;34m[0m[0;34m[0m[0m
[1;32m   2768[0m         [0;31m#  does inference in the case where `result` has object-dtype.[0m[0;34m[0m[0;34m[0m[0;34m[0m[0m
[0;32m-> 2769[0;31m         [0mout[0m [0;34m=[0m [0mself[0m[0;34m.[0m[0m_constructor[0m[0;34m([0m[0mresult[0m[0;34m,[0m [0mindex[0m[0;34m=[0m[0mself[0m[0;34m.[0m[0mindex[0m[0;34m)[0m[0;34m[0m[0;34m[0m[0m
[0m[1;32m   2770[0m         [0mout[0m [0;34m=[0m [0mout[0m[0;34m.[0m[0m__finalize__[0m[0;34m([0m[0mself[0m[0;34m)[0m[0;34m[0m[0;34m[0m[0m
[1;32m   2771[0m [0;34m[0m[0m

[0;32m/opt/hostedtoolcache/Python/3.7.9/x64/lib/python3.7/site-packages/pandas/core/series.py[0m in [0;36m__init__[0;34m(self, data, index, dtype, name, copy, fastpath)[0m
[1;32m    325[0m                     [0mdata[0m [0;34m=[0m [0mdata[0m[0;34m.[0m[0mcopy[0m[0;34m([0m[0;34m)[0m[0;34m[0m[0;34m[0m[0m
[1;32m    326[0m             [0;32melse[0m[0;34m:[0m[0;34m[0m[0;34m[0m[0m
[0;32m--> 327[0;31m                 [0mdata[0m [0;34m=[0m [0msanitize_array[0m[0;34m([0m[0mdata[0m[0;34m,[0m [0mindex[0m[0;34m,[0m [0mdtype[0m[0;34m,[0m [0mcopy[0m[0;34m,[0m [0mraise_cast_failure[0m[0;34m=[0m[0;32mTrue[0m[0;34m)[0m[0;34m[0m[0;34m[0m[0m
[0m[1;32m    328[0m [0;34m[0m[0m
[1;32m    329[0m                 [0mdata[0m [0;34m=[0m [0mSingleBlockManager[0m[0;34m.[0m[0mfrom_array[0m[0;34m([0m[0mdata[0m[0;34m,[0m [0mindex[0m[0;34m)[0m[0;34m[0m[0;34m[0m[0m

[0;32m/opt/hostedtoolcache/Python/3.7.9/x64/lib/python3.7/site-packages/pandas/core/construction.py[0m in [0;36msanitize_array[0;34m(data, index, dtype, copy, raise_cast_failure)[0m
[1;32m    494[0m     [0;32melif[0m [0msubarr[0m[0;34m.[0m[0mndim[0m [0;34m>[0m [0;36m1[0m[0;34m:[0m[0;34m[0m[0;34m[0m[0m
[1;32m    495[0m         [0;32mif[0m [0misinstance[0m[0;34m([0m[0mdata[0m[0;34m,[0m [0mnp[0m[0;34m.[0m[0mndarray[0m[0;34m)[0m[0;34m:[0m[0;34m[0m[0;34m[0m[0m
[0;32m--> 496[0;31m             [0;32mraise[0m [0mException[0m[0;34m([0m[0;34m"Data must be 1-dimensional"[0m[0;34m)[0m[0;34m[0m[0;34m[0m[0m
[0m[1;32m    497[0m         [0;32melse[0m[0;34m:[0m[0;34m[0m[0;34m[0m[0m
[1;32m    498[0m             [0msubarr[0m [0;34m=[0m [0mcom[0m[0;34m.[0m[0masarray_tuplesafe[0m[0;34m([0m[0mdata[0m[0;34m,[0m [0mdtype[0m[0;34m=[0m[0mdtype[0m[0;34m)[0m[0;34m[0m[0;34m[0m[0m

[0;31mException[0m: Data must be 1-dimensional
Exception: Data must be 1-dimensional

